<?xml version="1.0" encoding="UTF-8"?>
<!-- Generated by org.testng.reporters.JUnitReportReporter -->
<testsuite hostname="DESKTOP-5IDPVRO" failures="0" tests="5" name="com.nopcommerce.login.TC_01_LogIn" time="17.797" errors="0" timestamp="25 Sep 2021 05:58:13 GMT" skipped="0">
  <testcase classname="com.nopcommerce.login.TC_01_LogIn" name="TC01_LogIn_EmptyData" time="1.263"/>
  <testcase classname="com.nopcommerce.login.TC_01_LogIn" name="TC03_LogIn_NotExistedEmail" time="4.333"/>
  <testcase classname="com.nopcommerce.login.TC_01_LogIn" name="TC02_LogIn_InvalidEmail" time="3.737"/>
  <testcase classname="com.nopcommerce.login.TC_01_LogIn" name="TC04_LogIn_EmptyPassword" time="4.947"/>
  <testcase classname="com.nopcommerce.login.TC_01_LogIn" name="TC05_LogIn_WrongPassword" time="3.517"/>
</testsuite> <!-- com.nopcommerce.login.TC_01_LogIn -->
