<?xml version="1.0" encoding="UTF-8"?>
<!-- Generated by org.testng.reporters.JUnitReportReporter -->
<testsuite hostname="DESKTOP-5IDPVRO" failures="0" tests="3" name="com.nopcommerce.user.order.TC_01_Order_Add_Edit_Remove" time="38.802" errors="0" timestamp="26 Sep 2021 03:18:10 GMT" skipped="0">
  <testcase classname="com.nopcommerce.user.order.TC_01_Order_Add_Edit_Remove" name="TC03_RemoveProductInCart" time="5.007"/>
  <testcase classname="com.nopcommerce.user.order.TC_01_Order_Add_Edit_Remove" name="TC01_AddProductToCart" time="12.759"/>
  <testcase classname="com.nopcommerce.user.order.TC_01_Order_Add_Edit_Remove" name="TC02_EditProductInCart" time="21.036"/>
</testsuite> <!-- com.nopcommerce.user.order.TC_01_Order_Add_Edit_Remove -->
