<?xml version="1.0" encoding="UTF-8"?>
<!-- Generated by org.testng.reporters.JUnitReportReporter -->
<testsuite hostname="DESKTOP-5IDPVRO" failures="0" tests="8" name="com.nopcommerce.user.search.TC_01_Search" time="32.067" errors="0" timestamp="26 Sep 2021 03:18:10 GMT" skipped="0">
  <testcase classname="com.nopcommerce.user.search.TC_01_Search" name="TC01_Search_WithEmptyData" time="2.822"/>
  <testcase classname="com.nopcommerce.user.search.TC_01_Search" name="TC03_Search_WithProductName" time="4.243"/>
  <testcase classname="com.nopcommerce.user.search.TC_01_Search" name="TC06_Search_AdvancedWithSubCategory" time="4.657"/>
  <testcase classname="com.nopcommerce.user.search.TC_01_Search" name="TC08_Search_AdvancedWitCorrectManufacturer" time="4.868"/>
  <testcase classname="com.nopcommerce.user.search.TC_01_Search" name="TC05_Search_AdvancedWithParentCategory" time="4.447"/>
  <testcase classname="com.nopcommerce.user.search.TC_01_Search" name="TC04_Search_WithExactlyProductName" time="3.412"/>
  <testcase classname="com.nopcommerce.user.search.TC_01_Search" name="TC07_Search_AdvancedWithInCorrectManufacturer" time="4.073"/>
  <testcase classname="com.nopcommerce.user.search.TC_01_Search" name="TC02_Search_WithNotExistedData" time="3.545"/>
</testsuite> <!-- com.nopcommerce.user.search.TC_01_Search -->
