<?xml version="1.0" encoding="UTF-8"?>
<!-- Generated by org.testng.reporters.JUnitReportReporter -->
<testsuite hostname="DESKTOP-5IDPVRO" failures="0" tests="3" name="com.nopcommerce.order.TC_01_Order_Add_Edit_Remove" time="39.115" errors="0" timestamp="25 Sep 2021 05:58:13 GMT" skipped="0">
  <testcase classname="com.nopcommerce.order.TC_01_Order_Add_Edit_Remove" name="TC01_AddProductToCart" time="12.764"/>
  <testcase classname="com.nopcommerce.order.TC_01_Order_Add_Edit_Remove" name="TC02_EditProductInCart" time="20.733"/>
  <testcase classname="com.nopcommerce.order.TC_01_Order_Add_Edit_Remove" name="TC03_RemoveProductInCart" time="5.618"/>
</testsuite> <!-- com.nopcommerce.order.TC_01_Order_Add_Edit_Remove -->
