<?xml version="1.0" encoding="UTF-8"?>
<!-- Generated by org.testng.reporters.JUnitReportReporter -->
<testsuite hostname="DESKTOP-5IDPVRO" failures="0" tests="5" name="com.nopcommerce.wishlist.TC_01_Wishlist_Compare_RecentView" time="34.922" errors="0" timestamp="25 Sep 2021 05:58:13 GMT" skipped="0">
  <testcase classname="com.nopcommerce.wishlist.TC_01_Wishlist_Compare_RecentView" name="TC01_AddProductToWishlist" time="3.985"/>
  <testcase classname="com.nopcommerce.wishlist.TC_01_Wishlist_Compare_RecentView" name="TC02_AddProductToCard" time="4.879"/>
  <testcase classname="com.nopcommerce.wishlist.TC_01_Wishlist_Compare_RecentView" name="TC03_RemoveProduct" time="7.445"/>
  <testcase classname="com.nopcommerce.wishlist.TC_01_Wishlist_Compare_RecentView" name="TC04_CompareProduct" time="8.427"/>
  <testcase classname="com.nopcommerce.wishlist.TC_01_Wishlist_Compare_RecentView" name="TC05_RecentReviewProduct" time="10.186"/>
</testsuite> <!-- com.nopcommerce.wishlist.TC_01_Wishlist_Compare_RecentView -->
