<?xml version="1.0" encoding="UTF-8"?>
<!-- Generated by org.testng.reporters.JUnitReportReporter -->
<testsuite hostname="DESKTOP-5IDPVRO" failures="0" tests="5" name="com.nopcommerce.user.wishlist.TC_01_Wishlist_Compare_RecentView" time="31.749" errors="0" timestamp="26 Sep 2021 03:18:10 GMT" skipped="0">
  <testcase classname="com.nopcommerce.user.wishlist.TC_01_Wishlist_Compare_RecentView" name="TC04_CompareProduct" time="6.404"/>
  <testcase classname="com.nopcommerce.user.wishlist.TC_01_Wishlist_Compare_RecentView" name="TC02_AddProductToCard" time="3.911"/>
  <testcase classname="com.nopcommerce.user.wishlist.TC_01_Wishlist_Compare_RecentView" name="TC05_RecentReviewProduct" time="9.244"/>
  <testcase classname="com.nopcommerce.user.wishlist.TC_01_Wishlist_Compare_RecentView" name="TC01_AddProductToWishlist" time="4.699"/>
  <testcase classname="com.nopcommerce.user.wishlist.TC_01_Wishlist_Compare_RecentView" name="TC03_RemoveProduct" time="7.491"/>
</testsuite> <!-- com.nopcommerce.user.wishlist.TC_01_Wishlist_Compare_RecentView -->
