<?xml version="1.0" encoding="UTF-8"?>
<!-- Generated by org.testng.reporters.JUnitReportReporter -->
<testsuite hostname="DESKTOP-5IDPVRO" failures="0" tests="4" name="com.nopcommerce.register.TC_01_Register" time="24.273" errors="0" timestamp="25 Sep 2021 05:58:13 GMT" skipped="0">
  <testcase classname="com.nopcommerce.register.TC_01_Register" name="TC03_Register_InvalidPassword" time="7.462"/>
  <testcase classname="com.nopcommerce.register.TC_01_Register" name="TC01_Register_EmptyData" time="1.801"/>
  <testcase classname="com.nopcommerce.register.TC_01_Register" name="TC02_Register_InvalidEmail" time="7.003"/>
  <testcase classname="com.nopcommerce.register.TC_01_Register" name="TC03_Register_ExistedEmail" time="8.007"/>
</testsuite> <!-- com.nopcommerce.register.TC_01_Register -->
