<?xml version="1.0" encoding="UTF-8"?>
<!-- Generated by org.testng.reporters.JUnitReportReporter -->
<testsuite hostname="DESKTOP-5IDPVRO" failures="0" tests="3" name="com.nopcommerce.user.order.TC_02_Update_CheckOut" time="68.035" errors="0" timestamp="26 Sep 2021 03:18:10 GMT" skipped="0">
  <testcase classname="com.nopcommerce.user.order.TC_02_Update_CheckOut" name="TC07_CheckoutProduct" time="31.069"/>
  <testcase classname="com.nopcommerce.user.order.TC_02_Update_CheckOut" name="TC05_CheckoutProduct" time="28.401"/>
  <testcase classname="com.nopcommerce.user.order.TC_02_Update_CheckOut" name="TC04_UpdateShoppingCart" time="8.565"/>
</testsuite> <!-- com.nopcommerce.user.order.TC_02_Update_CheckOut -->
