<?xml version="1.0" encoding="UTF-8"?>
<!-- Generated by org.testng.reporters.JUnitReportReporter -->
<testsuite hostname="DESKTOP-5IDPVRO" failures="0" tests="4" name="com.nopcommerce.order.TC_02_Update_CheckOut_ReOrder" time="72.074" errors="0" timestamp="25 Sep 2021 02:28:07 GMT" skipped="0">
  <testcase classname="com.nopcommerce.order.TC_02_Update_CheckOut_ReOrder" name="TC08_ReOrderProduct" time="6.323"/>
  <testcase classname="com.nopcommerce.order.TC_02_Update_CheckOut_ReOrder" name="TC04_UpdateShoppingCart" time="8.362"/>
  <testcase classname="com.nopcommerce.order.TC_02_Update_CheckOut_ReOrder" name="TC05_CheckoutProduct" time="27.411"/>
  <testcase classname="com.nopcommerce.order.TC_02_Update_CheckOut_ReOrder" name="TC07_CheckoutProduct" time="29.978"/>
</testsuite> <!-- com.nopcommerce.order.TC_02_Update_CheckOut_ReOrder -->
