<?xml version="1.0" encoding="UTF-8"?>
<!-- Generated by org.testng.reporters.JUnitReportReporter -->
<testsuite hostname="DESKTOP-5IDPVRO" failures="0" tests="7" name="com.nopcommerce.sort.TC_01_Sort_Display_Paging" time="19.320" errors="0" timestamp="25 Sep 2021 05:58:13 GMT" skipped="0">
  <testcase classname="com.nopcommerce.sort.TC_01_Sort_Display_Paging" name="TC03_Sort_By_Price_LowToHigh" time="0.626"/>
  <testcase classname="com.nopcommerce.sort.TC_01_Sort_Display_Paging" name="TC07_Nine_Item_Display" time="4.648"/>
  <testcase classname="com.nopcommerce.sort.TC_01_Sort_Display_Paging" name="TC01_Sort_By_Name_AZ" time="1.249"/>
  <testcase classname="com.nopcommerce.sort.TC_01_Sort_Display_Paging" name="TC06_Six_Item_Display" time="4.662"/>
  <testcase classname="com.nopcommerce.sort.TC_01_Sort_Display_Paging" name="TC02_Sort_By_Name_ZA" time="1.256"/>
  <testcase classname="com.nopcommerce.sort.TC_01_Sort_Display_Paging" name="TC04_Sort_By_Price_HighToLow" time="0.622"/>
  <testcase classname="com.nopcommerce.sort.TC_01_Sort_Display_Paging" name="TC05_Three_Item_Display" time="6.257"/>
</testsuite> <!-- com.nopcommerce.sort.TC_01_Sort_Display_Paging -->
