<?xml version="1.0" encoding="UTF-8"?>
<!-- Generated by org.testng.reporters.JUnitReportReporter -->
<testsuite hostname="DESKTOP-5IDPVRO" failures="0" tests="3" name="com.nopcommerce.order.TC_02_Update_CheckOut" time="69.000" errors="0" timestamp="25 Sep 2021 05:58:13 GMT" skipped="0">
  <testcase classname="com.nopcommerce.order.TC_02_Update_CheckOut" name="TC04_UpdateShoppingCart" time="9.009"/>
  <testcase classname="com.nopcommerce.order.TC_02_Update_CheckOut" name="TC05_CheckoutProduct" time="29.258"/>
  <testcase classname="com.nopcommerce.order.TC_02_Update_CheckOut" name="TC07_CheckoutProduct" time="30.733"/>
</testsuite> <!-- com.nopcommerce.order.TC_02_Update_CheckOut -->
