<?xml version="1.0" encoding="UTF-8"?>
<!-- Generated by org.testng.reporters.JUnitReportReporter -->
<testsuite hostname="Admin" failures="0" tests="5" name="com.nopcommerce.admin.search.TC_02_Admin_Customer" time="91.478" errors="0" timestamp="13 Feb 2022 03:58:18 GMT" skipped="0">
  <testcase classname="com.nopcommerce.admin.search.TC_02_Admin_Customer" name="TC03_SearchWithFirstLastName" time="13.289"/>
  <testcase classname="com.nopcommerce.admin.search.TC_02_Admin_Customer" name="TC04_SearchWithCompanyName" time="16.709"/>
  <testcase classname="com.nopcommerce.admin.search.TC_02_Admin_Customer" name="TC05_SearchWithFullData" time="12.484"/>
  <testcase classname="com.nopcommerce.admin.search.TC_02_Admin_Customer" name="TC01_CreateNewCustomer" time="38.428"/>
  <testcase classname="com.nopcommerce.admin.search.TC_02_Admin_Customer" name="TC02_SearchWithEmail" time="10.568"/>
</testsuite> <!-- com.nopcommerce.admin.search.TC_02_Admin_Customer -->
