<?xml version="1.0" encoding="UTF-8"?>
<!-- Generated by org.testng.reporters.JUnitReportReporter -->
<testsuite hostname="DESKTOP-5IDPVRO" failures="0" tests="7" name="com.nopcommerce.user.sort.TC_01_Sort_Display_Paging" time="20.705" errors="0" timestamp="26 Sep 2021 03:18:10 GMT" skipped="0">
  <testcase classname="com.nopcommerce.user.sort.TC_01_Sort_Display_Paging" name="TC01_Sort_By_Name_AZ" time="1.279"/>
  <testcase classname="com.nopcommerce.user.sort.TC_01_Sort_Display_Paging" name="TC03_Sort_By_Price_LowToHigh" time="1.304"/>
  <testcase classname="com.nopcommerce.user.sort.TC_01_Sort_Display_Paging" name="TC04_Sort_By_Price_HighToLow" time="1.301"/>
  <testcase classname="com.nopcommerce.user.sort.TC_01_Sort_Display_Paging" name="TC02_Sort_By_Name_ZA" time="1.318"/>
  <testcase classname="com.nopcommerce.user.sort.TC_01_Sort_Display_Paging" name="TC07_Nine_Item_Display" time="4.643"/>
  <testcase classname="com.nopcommerce.user.sort.TC_01_Sort_Display_Paging" name="TC06_Six_Item_Display" time="5.154"/>
  <testcase classname="com.nopcommerce.user.sort.TC_01_Sort_Display_Paging" name="TC05_Three_Item_Display" time="5.706"/>
</testsuite> <!-- com.nopcommerce.user.sort.TC_01_Sort_Display_Paging -->
