<?xml version="1.0" encoding="UTF-8"?>
<!-- Generated by org.testng.reporters.JUnitReportReporter -->
<testsuite hostname="DESKTOP-5IDPVRO" failures="0" tests="8" name="com.nopcommerce.search.TC_01_Search" time="31.514" errors="0" timestamp="25 Sep 2021 05:58:13 GMT" skipped="0">
  <testcase classname="com.nopcommerce.search.TC_01_Search" name="TC01_Search_WithEmptyData" time="3.149"/>
  <testcase classname="com.nopcommerce.search.TC_01_Search" name="TC08_Search_AdvancedWitCorrectManufacturer" time="4.586"/>
  <testcase classname="com.nopcommerce.search.TC_01_Search" name="TC06_Search_AdvancedWithSubCategory" time="3.795"/>
  <testcase classname="com.nopcommerce.search.TC_01_Search" name="TC07_Search_AdvancedWithInCorrectManufacturer" time="4.581"/>
  <testcase classname="com.nopcommerce.search.TC_01_Search" name="TC05_Search_AdvancedWithParentCategory" time="4.347"/>
  <testcase classname="com.nopcommerce.search.TC_01_Search" name="TC03_Search_WithProductName" time="3.496"/>
  <testcase classname="com.nopcommerce.search.TC_01_Search" name="TC04_Search_WithExactlyProductName" time="3.470"/>
  <testcase classname="com.nopcommerce.search.TC_01_Search" name="TC02_Search_WithNotExistedData" time="4.090"/>
</testsuite> <!-- com.nopcommerce.search.TC_01_Search -->
