<?xml version="1.0" encoding="UTF-8"?>
<!-- Generated by org.testng.reporters.JUnitReportReporter -->
<testsuite hostname="DESKTOP-5IDPVRO" failures="0" tests="1" name="com.nopcommerce.order.TC_03_ReOrder" time="31.602" errors="0" timestamp="25 Sep 2021 05:58:13 GMT" skipped="0">
  <testcase classname="com.nopcommerce.order.TC_03_ReOrder" name="TC08_ReOrderProduct" time="31.602"/>
</testsuite> <!-- com.nopcommerce.order.TC_03_ReOrder -->
