<?xml version="1.0" encoding="UTF-8"?>
<!-- Generated by org.testng.reporters.JUnitReportReporter -->
<testsuite hostname="DESKTOP-5IDPVRO" failures="0" tests="3" name="com.nopcommerce.order.TC_01_Order" time="22.974" errors="0" timestamp="20 Sep 2021 13:23:53 GMT" skipped="0">
  <testcase classname="com.nopcommerce.order.TC_01_Order" name="TC01_AddProductToCart" time="6.578"/>
  <testcase classname="com.nopcommerce.order.TC_01_Order" name="TC02_EditProductInCart" time="11.027"/>
  <testcase classname="com.nopcommerce.order.TC_01_Order" name="TC03_RemoveProductInCart" time="5.369"/>
</testsuite> <!-- com.nopcommerce.order.TC_01_Order -->
