<?xml version="1.0" encoding="UTF-8"?>
<!-- Generated by org.testng.reporters.JUnitReportReporter -->
<testsuite hostname="DESKTOP-5IDPVRO" failures="0" tests="4" name="com.nopcommerce.user.register.TC_01_Register" time="25.300" errors="0" timestamp="26 Sep 2021 03:18:10 GMT" skipped="0">
  <testcase classname="com.nopcommerce.user.register.TC_01_Register" name="TC01_Register_EmptyData" time="1.138"/>
  <testcase classname="com.nopcommerce.user.register.TC_01_Register" name="TC03_Register_ExistedEmail" time="8.868"/>
  <testcase classname="com.nopcommerce.user.register.TC_01_Register" name="TC03_Register_InvalidPassword" time="7.556"/>
  <testcase classname="com.nopcommerce.user.register.TC_01_Register" name="TC02_Register_InvalidEmail" time="7.738"/>
</testsuite> <!-- com.nopcommerce.user.register.TC_01_Register -->
