<?xml version="1.0" encoding="UTF-8"?>
<!-- Generated by org.testng.reporters.JUnitReportReporter -->
<testsuite hostname="DESKTOP-5IDPVRO" failures="0" tests="4" name="com.nopcommerce.user.myaccount.TC_01_MyAccount" time="54.866" errors="0" timestamp="26 Sep 2021 03:18:10 GMT" skipped="0">
  <testcase classname="com.nopcommerce.user.myaccount.TC_01_MyAccount" name="TC04_MyAccount_MyProductView" time="9.531"/>
  <testcase classname="com.nopcommerce.user.myaccount.TC_01_MyAccount" name="TC03_MyAccount_ChangePassword" time="18.433"/>
  <testcase classname="com.nopcommerce.user.myaccount.TC_01_MyAccount" name="TC02_MyAccount_AddAddressInfo" time="18.471"/>
  <testcase classname="com.nopcommerce.user.myaccount.TC_01_MyAccount" name="TC01_MyAccount_EdiCustomerInfo" time="8.431"/>
</testsuite> <!-- com.nopcommerce.user.myaccount.TC_01_MyAccount -->
