<?xml version="1.0" encoding="UTF-8"?>
<!-- Generated by org.testng.reporters.JUnitReportReporter -->
<testsuite hostname="DESKTOP-5IDPVRO" failures="0" tests="5" name="com.nopcommerce.user.login.TC_01_LogIn" time="21.420" errors="0" timestamp="26 Sep 2021 03:18:10 GMT" skipped="0">
  <testcase classname="com.nopcommerce.user.login.TC_01_LogIn" name="TC01_LogIn_EmptyData" time="2.035"/>
  <testcase classname="com.nopcommerce.user.login.TC_01_LogIn" name="TC03_LogIn_NotExistedEmail" time="5.507"/>
  <testcase classname="com.nopcommerce.user.login.TC_01_LogIn" name="TC05_LogIn_WrongPassword" time="4.756"/>
  <testcase classname="com.nopcommerce.user.login.TC_01_LogIn" name="TC02_LogIn_InvalidEmail" time="3.739"/>
  <testcase classname="com.nopcommerce.user.login.TC_01_LogIn" name="TC04_LogIn_EmptyPassword" time="5.383"/>
</testsuite> <!-- com.nopcommerce.user.login.TC_01_LogIn -->
