<?xml version="1.0" encoding="UTF-8"?>
<!-- Generated by org.testng.reporters.JUnitReportReporter -->
<testsuite hostname="DESKTOP-5IDPVRO" failures="0" tests="1" name="com.nopcommerce.user.order.TC_03_ReOrder" time="28.227" errors="0" timestamp="26 Sep 2021 03:18:10 GMT" skipped="0">
  <testcase classname="com.nopcommerce.user.order.TC_03_ReOrder" name="TC08_ReOrderProduct" time="28.227"/>
</testsuite> <!-- com.nopcommerce.user.order.TC_03_ReOrder -->
