<?xml version="1.0" encoding="UTF-8"?>
<!-- Generated by org.testng.reporters.JUnitReportReporter -->
<testsuite hostname="DESKTOP-5IDPVRO" failures="0" tests="3" name="com.nopcommerce.order.TC_02_Update_CheckOutMoneyOrder" time="54.180" errors="0" timestamp="25 Sep 2021 01:38:39 GMT" skipped="0">
  <testcase classname="com.nopcommerce.order.TC_02_Update_CheckOutMoneyOrder" name="TC05_CheckoutProduct" time="26.190"/>
  <testcase classname="com.nopcommerce.order.TC_02_Update_CheckOutMoneyOrder" name="TC06_CheckoutProduct" time="19.686"/>
  <testcase classname="com.nopcommerce.order.TC_02_Update_CheckOutMoneyOrder" name="TC04_UpdateShoppingCart" time="8.304"/>
</testsuite> <!-- com.nopcommerce.order.TC_02_Update_CheckOutMoneyOrder -->
